..\..\..\Bin\Game.pdb
E:\REPOS\15PUZZLE-FUNCODE\PUZZLE\BIN\GAME.EXE
E:\repos\15puzzle-funcode\Puzzle\SourceCode\VCProject2010\VCProject2010\..\..\..\Bin\Game.exe
E:\repos\15puzzle-funcode\Puzzle\SourceCode\VCProject2010\VCProject2010\Debug\cl.command.1.tlog
E:\repos\15puzzle-funcode\Puzzle\SourceCode\VCProject2010\VCProject2010\Debug\CL.read.1.tlog
E:\repos\15puzzle-funcode\Puzzle\SourceCode\VCProject2010\VCProject2010\Debug\CL.write.1.tlog
E:\REPOS\15PUZZLE-FUNCODE\PUZZLE\SOURCECODE\VCPROJECT2010\VCPROJECT2010\DEBUG\GAME.PDB
E:\REPOS\15PUZZLE-FUNCODE\PUZZLE\SOURCECODE\VCPROJECT2010\VCPROJECT2010\DEBUG\LESSONX.OBJ
E:\repos\15puzzle-funcode\Puzzle\SourceCode\VCProject2010\VCProject2010\Debug\link.command.1.tlog
E:\repos\15puzzle-funcode\Puzzle\SourceCode\VCProject2010\VCProject2010\Debug\link.read.1.tlog
E:\repos\15puzzle-funcode\Puzzle\SourceCode\VCProject2010\VCProject2010\Debug\link.write.1.tlog
E:\repos\15puzzle-funcode\Puzzle\SourceCode\VCProject2010\VCProject2010\Debug\link-cvtres.read.1.tlog
E:\repos\15puzzle-funcode\Puzzle\SourceCode\VCProject2010\VCProject2010\Debug\link-cvtres.write.1.tlog
E:\REPOS\15PUZZLE-FUNCODE\PUZZLE\SOURCECODE\VCPROJECT2010\VCPROJECT2010\DEBUG\MAIN.OBJ
E:\repos\15puzzle-funcode\Puzzle\SourceCode\VCProject2010\VCProject2010\Debug\rc.command.1.tlog
E:\repos\15puzzle-funcode\Puzzle\SourceCode\VCProject2010\VCProject2010\Debug\rc.read.1.tlog
E:\repos\15puzzle-funcode\Puzzle\SourceCode\VCProject2010\VCProject2010\Debug\rc.write.1.tlog
E:\repos\15puzzle-funcode\Puzzle\SourceCode\VCProject2010\VCProject2010\Debug\vc100.idb
E:\REPOS\15PUZZLE-FUNCODE\PUZZLE\SOURCECODE\VCPROJECT2010\VCPROJECT2010\DEBUG\VC100.PDB
E:\repos\15puzzle-funcode\Puzzle\SourceCode\VCProject2010\VCProject2010\Debug\VCProject2010.write.1.tlog
E:\REPOS\15PUZZLE-FUNCODE\PUZZLE\SOURCECODE\VCPROJECT2010\VCPROJECT2010\DEBUG\VCTEMPLATE.RES
